<?xml version="1.0" encoding="UTF-8"?>
<testng-results skipped="0" failed="0" total="1" passed="1">
  <reporter-output>
  </reporter-output>
  <suite name="Suite" duration-ms="4929" started-at="2015-12-27T03:38:38Z" finished-at="2015-12-27T03:38:43Z">
    <groups>
    </groups>
    <test name="Test" duration-ms="4929" started-at="2015-12-27T03:38:38Z" finished-at="2015-12-27T03:38:43Z">
      <class name="demo.jenkins.JenkinsTest">
        <test-method status="PASS" signature="test()[pri:0, instance:demo.jenkins.JenkinsTest@33ce2c]" name="test" duration-ms="4918" started-at="2015-12-26T22:38:38Z" finished-at="2015-12-26T22:38:43Z">
          <reporter-output>
          </reporter-output>
        </test-method> <!-- test -->
      </class> <!-- demo.jenkins.JenkinsTest -->
    </test> <!-- Test -->
  </suite> <!-- Suite -->
</testng-results>
